<?xml version="1.0" encoding="UTF-8"?>
<testsuite xmlns:xsi="http://www.w3.org/2001/XMLSchema-instance" xsi:noNamespaceSchemaLocation="https://maven.apache.org/surefire/maven-surefire-plugin/xsd/surefire-test-report-3.0.xsd" version="3.0" name="com.cuzz.rookiefortunetree.storage.PersistentFortuneTreeStoreTest" time="0.235" tests="4" errors="0" skipped="0" failures="0">
  <properties>
[...]
</properties>
  <testcase name="shouldQueryRedisBeforeMybatisAndReloadAfterEvict" classname="com.cuzz.rookiefortunetree.storage.PersistentFortuneTreeStoreTest" time="0.188"/>
  <testcase name="shouldFallbackToMybatisForAttemptWhenRedisMiss" classname="com.cuzz.rookiefortunetree.storage.PersistentFortuneTreeStoreTest" time="0.008"/>
  <testcase name="shouldWritePlayerNameToRedisWhenProvided" classname="com.cuzz.rookiefortunetree.storage.PersistentFortuneTreeStoreTest" time="0.003"/>
  <testcase name="shouldFallbackToMybatisWhenRedisMiss" classname="com.cuzz.rookiefortunetree.storage.PersistentFortuneTreeStoreTest" time="0.001"/>
</testsuite>